<?xml version="1.0" encoding="UTF-8"?>
<!-- Generated by org.testng.reporters.JUnitReportReporter -->
<testsuite hostname="DESKTOP-V9OGGNH" failures="0" tests="1" name="Sausedemo.Zain.Saucedemo" time="5.200" errors="0" timestamp="2023-09-13T22:41:30 PKT" skipped="0">
  <testcase classname="Sausedemo.Zain.Saucedemo" name="login" time="5.200"/>
</testsuite> <!-- Sausedemo.Zain.Saucedemo -->
