<?xml version="1.0" encoding="UTF-8"?>
<!-- Generated by org.testng.reporters.JUnitReportReporter -->
<testsuite hostname="DESKTOP-V9OGGNH" failures="0" tests="5" name="Sausedemo.Zain.Project" time="21.730" errors="0" timestamp="2023-09-14T23:32:09 PKT" skipped="0">
  <testcase classname="Sausedemo.Zain.Project" name="login" time="6.469"/>
  <testcase classname="Sausedemo.Zain.Project" name="invalid" time="3.531"/>
  <testcase classname="Sausedemo.Zain.Project" name="AddProduct" time="3.784"/>
  <testcase classname="Sausedemo.Zain.Project" name="DeleteProduct" time="3.750"/>
  <testcase classname="Sausedemo.Zain.Project" name="CheckOutProduct" time="4.196"/>
</testsuite> <!-- Sausedemo.Zain.Project -->
