<?xml version="1.0" encoding="UTF-8"?>
<!-- Generated by org.testng.reporters.JUnitReportReporter -->
<testsuite hostname="DESKTOP-V9OGGNH" failures="0" tests="1" name="Sausedemo.Zain.Login" time="5.100" errors="0" timestamp="2023-09-13T22:40:30 PKT" skipped="0">
  <testcase classname="Sausedemo.Zain.Login" name="login" time="5.100"/>
</testsuite> <!-- Sausedemo.Zain.Login -->
